#
# There is insufficient memory for the Java Runtime Environment to continue.
# Native memory allocation (malloc) failed to allocate 32744 bytes for ChunkPool::allocate
# Possible reasons:
#   The system is out of physical RAM or swap space
#   The process is running with CompressedOops enabled, and the Java Heap may be blocking the growth of the native heap
# Possible solutions:
#   Reduce memory load on the system
#   Increase physical memory or swap space
#   Check if swap backing store is full
#   Decrease Java heap size (-Xmx/-Xms)
#   Decrease number of Java threads
#   Decrease Java thread stack sizes (-Xss)
#   Set larger code cache with -XX:ReservedCodeCacheSize=
#   JVM is running with Unscaled Compressed Oops mode in which the Java heap is
#     placed in the first 4GB address space. The Java Heap base address is the
#     maximum limit for the native heap growth. Please use -XX:HeapBaseMinAddress
#     to set the Java Heap base and to place the Java Heap above 4GB virtual address.
# This output file may be truncated or incomplete.
#
#  Out of Memory Error (./open/src/hotspot/share/memory/arena.cpp:79), pid=20000, tid=13260
#
# JRE version: OpenJDK Runtime Environment (15.0.2+7) (build 15.0.2+7-27)
# Java VM: OpenJDK 64-Bit Server VM (15.0.2+7-27, mixed mode, tiered, compressed oops, g1 gc, windows-amd64)
# No core dump will be written. Minidumps are not enabled by default on client versions of Windows
#

---------------  S U M M A R Y ------------

Command Line: -Dfile.encoding=Cp1252 -XX:+ShowCodeDetailsInExceptionMessages hust.soict.globalict.aims.screen.StoreScreen

Host: Intel(R) Core(TM) i5-9300H CPU @ 2.40GHz, 8 cores, 7G,  Windows 10 , 64 bit Build 19041 (10.0.19041.928)
Time: Mon May 17 22:52:00 2021 SE Asia Standard Time elapsed time: 262.098686 seconds (0d 0h 4m 22s)

---------------  T H R E A D  ---------------

Current thread (0x0000018e676f1390):  JavaThread "C1 CompilerThread0" daemon [_thread_in_native, id=13260, stack(0x0000000418300000,0x0000000418400000)]


Current CompileTask:
C1: 262098 1456       3       java.lang.invoke.MethodHandles$Lookup::in (280 bytes)

Stack: [0x0000000418300000,0x0000000418400000]
Native frames: (J=compiled Java code, j=interpreted, Vv=VM code, C=native code)
V  [jvm.dll+0x62ae9a]
V  [jvm.dll+0x7817a9]
V  [jvm.dll+0x782f03]
V  [jvm.dll+0x783563]
V  [jvm.dll+0x216325]
V  [jvm.dll+0x982cf]
V  [jvm.dll+0x9861c]
V  [jvm.dll+0xa4297]
V  [jvm.dll+0x15271b]
V  [jvm.dll+0x15a83f]
V  [jvm.dll+0x151e4d]
V  [jvm.dll+0x151337]
V  [jvm.dll+0x15b24b]
V  [jvm.dll+0x152468]
V  [jvm.dll+0x1562af]
V  [jvm.dll+0x110065]
V  [jvm.dll+0x10f91f]
V  [jvm.dll+0x10fb54]
V  [jvm.dll+0x10ee92]
V  [jvm.dll+0x110d2c]
V  [jvm.dll+0x1f9225]
V  [jvm.dll+0x1f72cc]
V  [jvm.dll+0x74495d]
V  [jvm.dll+0x73d75a]
V  [jvm.dll+0x629c56]
C  [ucrtbase.dll+0x21bb2]
C  [KERNEL32.DLL+0x17034]
C  [ntdll.dll+0x52651]


---------------  P R O C E S S  ---------------

Threads class SMR info:
_java_thread_list=0x0000018e67f789a0, length=16, elements={
0x0000018e66e91050, 0x0000018e66e91a10, 0x0000018e676de430, 0x0000018e676e0d00,
0x0000018e676e26d0, 0x0000018e676e88d0, 0x0000018e676f1390, 0x0000018e66e99790,
0x0000018e6787b750, 0x0000018e6788bff0, 0x0000018e67e06450, 0x0000018e67e093e0,
0x0000018e67e0c5b0, 0x0000018e6790a450, 0x0000018e4cc22970, 0x0000018e67f9ccd0
}

Java Threads: ( => current thread )
  0x0000018e66e91050 JavaThread "Reference Handler" daemon [_thread_blocked, id=24128, stack(0x0000000417d00000,0x0000000417e00000)]
  0x0000018e66e91a10 JavaThread "Finalizer" daemon [_thread_blocked, id=24836, stack(0x0000000417e00000,0x0000000417f00000)]
  0x0000018e676de430 JavaThread "Signal Dispatcher" daemon [_thread_blocked, id=28004, stack(0x0000000417f00000,0x0000000418000000)]
  0x0000018e676e0d00 JavaThread "Attach Listener" daemon [_thread_blocked, id=22628, stack(0x0000000418000000,0x0000000418100000)]
  0x0000018e676e26d0 JavaThread "Service Thread" daemon [_thread_blocked, id=23904, stack(0x0000000418100000,0x0000000418200000)]
  0x0000018e676e88d0 JavaThread "C2 CompilerThread0" daemon [_thread_blocked, id=11796, stack(0x0000000418200000,0x0000000418300000)]
=>0x0000018e676f1390 JavaThread "C1 CompilerThread0" daemon [_thread_in_native, id=13260, stack(0x0000000418300000,0x0000000418400000)]
  0x0000018e66e99790 JavaThread "Sweeper thread" daemon [_thread_blocked, id=25396, stack(0x0000000418400000,0x0000000418500000)]
  0x0000018e6787b750 JavaThread "Notification Thread" daemon [_thread_blocked, id=22856, stack(0x0000000418500000,0x0000000418600000)]
  0x0000018e6788bff0 JavaThread "Common-Cleaner" daemon [_thread_blocked, id=26064, stack(0x0000000418700000,0x0000000418800000)]
  0x0000018e67e06450 JavaThread "Java2D Disposer" daemon [_thread_blocked, id=4384, stack(0x0000000418900000,0x0000000418a00000)]
  0x0000018e67e093e0 JavaThread "AWT-Shutdown" [_thread_blocked, id=23656, stack(0x0000000418a00000,0x0000000418b00000)]
  0x0000018e67e0c5b0 JavaThread "AWT-Windows" daemon [_thread_in_vm, id=28104, stack(0x0000000418b00000,0x0000000418c00000)]
  0x0000018e6790a450 JavaThread "AWT-EventQueue-0" [_thread_blocked, id=24796, stack(0x0000000418800000,0x0000000418900000)]
  0x0000018e4cc22970 JavaThread "DestroyJavaVM" [_thread_blocked, id=27884, stack(0x0000000417600000,0x0000000417700000)]
  0x0000018e67f9ccd0 JavaThread "TimerQueue" daemon [_thread_blocked, id=16668, stack(0x0000000418c00000,0x0000000418d00000)]

Other Threads:
  0x0000018e66e79af0 VMThread "VM Thread" [stack: 0x0000000417c00000,0x0000000417d00000] [id=28344]
  0x0000018e6787bc20 WatcherThread [stack: 0x0000000418600000,0x0000000418700000] [id=11004]
  0x0000018e4cc615f0 GCTaskThread "GC Thread#0" [stack: 0x0000000417700000,0x0000000417800000] [id=19132]
  0x0000018e4cc72930 ConcurrentGCThread "G1 Main Marker" [stack: 0x0000000417800000,0x0000000417900000] [id=25152]
  0x0000018e4cc74440 ConcurrentGCThread "G1 Conc#0" [stack: 0x0000000417900000,0x0000000417a00000] [id=25448]
  0x0000018e4ccfdb40 ConcurrentGCThread "G1 Refine#0" [stack: 0x0000000417a00000,0x0000000417b00000] [id=27516]
  0x0000018e4ccfe650 ConcurrentGCThread "G1 Young RemSet Sampling" [stack: 0x0000000417b00000,0x0000000417c00000] [id=17012]

Threads with active compile tasks:
C1 CompilerThread0   262152 1456       3       java.lang.invoke.MethodHandles$Lookup::in (280 bytes)

VM state: not at safepoint (normal execution)

VM Mutex/Monitor currently owned by a thread: None

Heap address: 0x0000000082600000, size: 2010 MB, Compressed Oops mode: 32-bit
CDS disabled.
Compressed class space mapped at: 0x0000000100000000-0x0000000140000000, size: 1073741824
Narrow klass base: 0x0000000000000000, Narrow klass shift: 3, Narrow klass range: 0x140000000

GC Precious Log:
 CPUs: 8 total, 8 available
 Memory: 8039M
 Large Page Support: Disabled
 NUMA Support: Disabled
 Compressed Oops: Enabled (32-bit)
 Heap Region Size: 1M
 Heap Min Capacity: 8M
 Heap Initial Capacity: 126M
 Heap Max Capacity: 2010M
 Pre-touch: Disabled
 Parallel Workers: 8
 Concurrent Workers: 2
 Concurrent Refinement Workers: 8
 Periodic GC: Disabled

Heap:
 garbage-first heap   total 129024K, used 15360K [0x0000000082600000, 0x0000000100000000)
  region size 1024K, 11 young (11264K), 0 survivors (0K)
 Metaspace       used 16463K, capacity 16663K, committed 16896K, reserved 1064960K
  class space    used 1648K, capacity 1728K, committed 1792K, reserved 1048576K

Heap Regions: E=young(eden), S=young(survivor), O=old, HS=humongous(starts), HC=humongous(continues), CS=collection set, F=free, OA=open archive, CA=closed archive, TAMS=top-at-mark-start (previous, next)
|   0|0x0000000082600000, 0x0000000082700000, 0x0000000082700000|100%|HS|  |TAMS 0x0000000082600000, 0x0000000082600000| Complete 
|   1|0x0000000082700000, 0x0000000082800000, 0x0000000082800000|100%|HC|  |TAMS 0x0000000082700000, 0x0000000082700000| Complete 
|   2|0x0000000082800000, 0x0000000082900000, 0x0000000082900000|100%|HC|  |TAMS 0x0000000082800000, 0x0000000082800000| Complete 
|   3|0x0000000082900000, 0x0000000082a00000, 0x0000000082a00000|100%|HC|  |TAMS 0x0000000082900000, 0x0000000082900000| Complete 
|   4|0x0000000082a00000, 0x0000000082b00000, 0x0000000082b00000|100%|HC|  |TAMS 0x0000000082a00000, 0x0000000082a00000| Complete 
|   5|0x0000000082b00000, 0x0000000082b00000, 0x0000000082c00000|  0%| F|  |TAMS 0x0000000082b00000, 0x0000000082b00000| Untracked 
|   6|0x0000000082c00000, 0x0000000082c00000, 0x0000000082d00000|  0%| F|  |TAMS 0x0000000082c00000, 0x0000000082c00000| Untracked 
|   7|0x0000000082d00000, 0x0000000082d00000, 0x0000000082e00000|  0%| F|  |TAMS 0x0000000082d00000, 0x0000000082d00000| Untracked 
|   8|0x0000000082e00000, 0x0000000082e00000, 0x0000000082f00000|  0%| F|  |TAMS 0x0000000082e00000, 0x0000000082e00000| Untracked 
|   9|0x0000000082f00000, 0x0000000082f00000, 0x0000000083000000|  0%| F|  |TAMS 0x0000000082f00000, 0x0000000082f00000| Untracked 
|  10|0x0000000083000000, 0x0000000083000000, 0x0000000083100000|  0%| F|  |TAMS 0x0000000083000000, 0x0000000083000000| Untracked 
|  11|0x0000000083100000, 0x0000000083100000, 0x0000000083200000|  0%| F|  |TAMS 0x0000000083100000, 0x0000000083100000| Untracked 
|  12|0x0000000083200000, 0x0000000083200000, 0x0000000083300000|  0%| F|  |TAMS 0x0000000083200000, 0x0000000083200000| Untracked 
|  13|0x0000000083300000, 0x0000000083300000, 0x0000000083400000|  0%| F|  |TAMS 0x0000000083300000, 0x0000000083300000| Untracked 
|  14|0x0000000083400000, 0x0000000083400000, 0x0000000083500000|  0%| F|  |TAMS 0x0000000083400000, 0x0000000083400000| Untracked 
|  15|0x0000000083500000, 0x0000000083500000, 0x0000000083600000|  0%| F|  |TAMS 0x0000000083500000, 0x0000000083500000| Untracked 
|  16|0x0000000083600000, 0x0000000083600000, 0x0000000083700000|  0%| F|  |TAMS 0x0000000083600000, 0x0000000083600000| Untracked 
|  17|0x0000000083700000, 0x0000000083700000, 0x0000000083800000|  0%| F|  |TAMS 0x0000000083700000, 0x0000000083700000| Untracked 
|  18|0x0000000083800000, 0x0000000083800000, 0x0000000083900000|  0%| F|  |TAMS 0x0000000083800000, 0x0000000083800000| Untracked 
|  19|0x0000000083900000, 0x0000000083900000, 0x0000000083a00000|  0%| F|  |TAMS 0x0000000083900000, 0x0000000083900000| Untracked 
|  20|0x0000000083a00000, 0x0000000083a00000, 0x0000000083b00000|  0%| F|  |TAMS 0x0000000083a00000, 0x0000000083a00000| Untracked 
|  21|0x0000000083b00000, 0x0000000083b00000, 0x0000000083c00000|  0%| F|  |TAMS 0x0000000083b00000, 0x0000000083b00000| Untracked 
|  22|0x0000000083c00000, 0x0000000083c00000, 0x0000000083d00000|  0%| F|  |TAMS 0x0000000083c00000, 0x0000000083c00000| Untracked 
|  23|0x0000000083d00000, 0x0000000083d00000, 0x0000000083e00000|  0%| F|  |TAMS 0x0000000083d00000, 0x0000000083d00000| Untracked 
|  24|0x0000000083e00000, 0x0000000083e00000, 0x0000000083f00000|  0%| F|  |TAMS 0x0000000083e00000, 0x0000000083e00000| Untracked 
|  25|0x0000000083f00000, 0x0000000083f00000, 0x0000000084000000|  0%| F|  |TAMS 0x0000000083f00000, 0x0000000083f00000| Untracked 
|  26|0x0000000084000000, 0x0000000084000000, 0x0000000084100000|  0%| F|  |TAMS 0x0000000084000000, 0x0000000084000000| Untracked 
|  27|0x0000000084100000, 0x0000000084100000, 0x0000000084200000|  0%| F|  |TAMS 0x0000000084100000, 0x0000000084100000| Untracked 
|  28|0x0000000084200000, 0x0000000084200000, 0x0000000084300000|  0%| F|  |TAMS 0x0000000084200000, 0x0000000084200000| Untracked 
|  29|0x0000000084300000, 0x0000000084300000, 0x0000000084400000|  0%| F|  |TAMS 0x0000000084300000, 0x0000000084300000| Untracked 
|  30|0x0000000084400000, 0x0000000084400000, 0x0000000084500000|  0%| F|  |TAMS 0x0000000084400000, 0x0000000084400000| Untracked 
|  31|0x0000000084500000, 0x0000000084500000, 0x0000000084600000|  0%| F|  |TAMS 0x0000000084500000, 0x0000000084500000| Untracked 
|  32|0x0000000084600000, 0x0000000084600000, 0x0000000084700000|  0%| F|  |TAMS 0x0000000084600000, 0x0000000084600000| Untracked 
|  33|0x0000000084700000, 0x0000000084700000, 0x0000000084800000|  0%| F|  |TAMS 0x0000000084700000, 0x0000000084700000| Untracked 
|  34|0x0000000084800000, 0x0000000084800000, 0x0000000084900000|  0%| F|  |TAMS 0x0000000084800000, 0x0000000084800000| Untracked 
|  35|0x0000000084900000, 0x0000000084900000, 0x0000000084a00000|  0%| F|  |TAMS 0x0000000084900000, 0x0000000084900000| Untracked 
|  36|0x0000000084a00000, 0x0000000084a00000, 0x0000000084b00000|  0%| F|  |TAMS 0x0000000084a00000, 0x0000000084a00000| Untracked 
|  37|0x0000000084b00000, 0x0000000084b00000, 0x0000000084c00000|  0%| F|  |TAMS 0x0000000084b00000, 0x0000000084b00000| Untracked 
|  38|0x0000000084c00000, 0x0000000084c00000, 0x0000000084d00000|  0%| F|  |TAMS 0x0000000084c00000, 0x0000000084c00000| Untracked 
|  39|0x0000000084d00000, 0x0000000084d00000, 0x0000000084e00000|  0%| F|  |TAMS 0x0000000084d00000, 0x0000000084d00000| Untracked 
|  40|0x0000000084e00000, 0x0000000084e00000, 0x0000000084f00000|  0%| F|  |TAMS 0x0000000084e00000, 0x0000000084e00000| Untracked 
|  41|0x0000000084f00000, 0x0000000084f00000, 0x0000000085000000|  0%| F|  |TAMS 0x0000000084f00000, 0x0000000084f00000| Untracked 
|  42|0x0000000085000000, 0x0000000085000000, 0x0000000085100000|  0%| F|  |TAMS 0x0000000085000000, 0x0000000085000000| Untracked 
|  43|0x0000000085100000, 0x0000000085100000, 0x0000000085200000|  0%| F|  |TAMS 0x0000000085100000, 0x0000000085100000| Untracked 
|  44|0x0000000085200000, 0x0000000085200000, 0x0000000085300000|  0%| F|  |TAMS 0x0000000085200000, 0x0000000085200000| Untracked 
|  45|0x0000000085300000, 0x0000000085300000, 0x0000000085400000|  0%| F|  |TAMS 0x0000000085300000, 0x0000000085300000| Untracked 
|  46|0x0000000085400000, 0x0000000085400000, 0x0000000085500000|  0%| F|  |TAMS 0x0000000085400000, 0x0000000085400000| Untracked 
|  47|0x0000000085500000, 0x0000000085500000, 0x0000000085600000|  0%| F|  |TAMS 0x0000000085500000, 0x0000000085500000| Untracked 
|  48|0x0000000085600000, 0x0000000085600000, 0x0000000085700000|  0%| F|  |TAMS 0x0000000085600000, 0x0000000085600000| Untracked 
|  49|0x0000000085700000, 0x0000000085700000, 0x0000000085800000|  0%| F|  |TAMS 0x0000000085700000, 0x0000000085700000| Untracked 
|  50|0x0000000085800000, 0x0000000085800000, 0x0000000085900000|  0%| F|  |TAMS 0x0000000085800000, 0x0000000085800000| Untracked 
|  51|0x0000000085900000, 0x0000000085900000, 0x0000000085a00000|  0%| F|  |TAMS 0x0000000085900000, 0x0000000085900000| Untracked 
|  52|0x0000000085a00000, 0x0000000085a00000, 0x0000000085b00000|  0%| F|  |TAMS 0x0000000085a00000, 0x0000000085a00000| Untracked 
|  53|0x0000000085b00000, 0x0000000085b00000, 0x0000000085c00000|  0%| F|  |TAMS 0x0000000085b00000, 0x0000000085b00000| Untracked 
|  54|0x0000000085c00000, 0x0000000085c00000, 0x0000000085d00000|  0%| F|  |TAMS 0x0000000085c00000, 0x0000000085c00000| Untracked 
|  55|0x0000000085d00000, 0x0000000085d00000, 0x0000000085e00000|  0%| F|  |TAMS 0x0000000085d00000, 0x0000000085d00000| Untracked 
|  56|0x0000000085e00000, 0x0000000085e00000, 0x0000000085f00000|  0%| F|  |TAMS 0x0000000085e00000, 0x0000000085e00000| Untracked 
|  57|0x0000000085f00000, 0x0000000085f00000, 0x0000000086000000|  0%| F|  |TAMS 0x0000000085f00000, 0x0000000085f00000| Untracked 
|  58|0x0000000086000000, 0x0000000086000000, 0x0000000086100000|  0%| F|  |TAMS 0x0000000086000000, 0x0000000086000000| Untracked 
|  59|0x0000000086100000, 0x0000000086100000, 0x0000000086200000|  0%| F|  |TAMS 0x0000000086100000, 0x0000000086100000| Untracked 
|  60|0x0000000086200000, 0x0000000086200000, 0x0000000086300000|  0%| F|  |TAMS 0x0000000086200000, 0x0000000086200000| Untracked 
|  61|0x0000000086300000, 0x0000000086300000, 0x0000000086400000|  0%| F|  |TAMS 0x0000000086300000, 0x0000000086300000| Untracked 
|  62|0x0000000086400000, 0x0000000086400000, 0x0000000086500000|  0%| F|  |TAMS 0x0000000086400000, 0x0000000086400000| Untracked 
|  63|0x0000000086500000, 0x0000000086500000, 0x0000000086600000|  0%| F|  |TAMS 0x0000000086500000, 0x0000000086500000| Untracked 
|  64|0x0000000086600000, 0x0000000086600000, 0x0000000086700000|  0%| F|  |TAMS 0x0000000086600000, 0x0000000086600000| Untracked 
|  65|0x0000000086700000, 0x0000000086700000, 0x0000000086800000|  0%| F|  |TAMS 0x0000000086700000, 0x0000000086700000| Untracked 
|  66|0x0000000086800000, 0x0000000086800000, 0x0000000086900000|  0%| F|  |TAMS 0x0000000086800000, 0x0000000086800000| Untracked 
|  67|0x0000000086900000, 0x0000000086900000, 0x0000000086a00000|  0%| F|  |TAMS 0x0000000086900000, 0x0000000086900000| Untracked 
|  68|0x0000000086a00000, 0x0000000086a00000, 0x0000000086b00000|  0%| F|  |TAMS 0x0000000086a00000, 0x0000000086a00000| Untracked 
|  69|0x0000000086b00000, 0x0000000086b00000, 0x0000000086c00000|  0%| F|  |TAMS 0x0000000086b00000, 0x0000000086b00000| Untracked 
|  70|0x0000000086c00000, 0x0000000086c00000, 0x0000000086d00000|  0%| F|  |TAMS 0x0000000086c00000, 0x0000000086c00000| Untracked 
|  71|0x0000000086d00000, 0x0000000086d00000, 0x0000000086e00000|  0%| F|  |TAMS 0x0000000086d00000, 0x0000000086d00000| Untracked 
|  72|0x0000000086e00000, 0x0000000086e00000, 0x0000000086f00000|  0%| F|  |TAMS 0x0000000086e00000, 0x0000000086e00000| Untracked 
|  73|0x0000000086f00000, 0x0000000086f00000, 0x0000000087000000|  0%| F|  |TAMS 0x0000000086f00000, 0x0000000086f00000| Untracked 
|  74|0x0000000087000000, 0x0000000087000000, 0x0000000087100000|  0%| F|  |TAMS 0x0000000087000000, 0x0000000087000000| Untracked 
|  75|0x0000000087100000, 0x0000000087100000, 0x0000000087200000|  0%| F|  |TAMS 0x0000000087100000, 0x0000000087100000| Untracked 
|  76|0x0000000087200000, 0x0000000087200000, 0x0000000087300000|  0%| F|  |TAMS 0x0000000087200000, 0x0000000087200000| Untracked 
|  77|0x0000000087300000, 0x0000000087300000, 0x0000000087400000|  0%| F|  |TAMS 0x0000000087300000, 0x0000000087300000| Untracked 
|  78|0x0000000087400000, 0x0000000087400000, 0x0000000087500000|  0%| F|  |TAMS 0x0000000087400000, 0x0000000087400000| Untracked 
|  79|0x0000000087500000, 0x0000000087500000, 0x0000000087600000|  0%| F|  |TAMS 0x0000000087500000, 0x0000000087500000| Untracked 
|  80|0x0000000087600000, 0x0000000087600000, 0x0000000087700000|  0%| F|  |TAMS 0x0000000087600000, 0x0000000087600000| Untracked 
|  81|0x0000000087700000, 0x0000000087700000, 0x0000000087800000|  0%| F|  |TAMS 0x0000000087700000, 0x0000000087700000| Untracked 
|  82|0x0000000087800000, 0x0000000087800000, 0x0000000087900000|  0%| F|  |TAMS 0x0000000087800000, 0x0000000087800000| Untracked 
|  83|0x0000000087900000, 0x0000000087900000, 0x0000000087a00000|  0%| F|  |TAMS 0x0000000087900000, 0x0000000087900000| Untracked 
|  84|0x0000000087a00000, 0x0000000087a00000, 0x0000000087b00000|  0%| F|  |TAMS 0x0000000087a00000, 0x0000000087a00000| Untracked 
|  85|0x0000000087b00000, 0x0000000087b00000, 0x0000000087c00000|  0%| F|  |TAMS 0x0000000087b00000, 0x0000000087b00000| Untracked 
|  86|0x0000000087c00000, 0x0000000087c00000, 0x0000000087d00000|  0%| F|  |TAMS 0x0000000087c00000, 0x0000000087c00000| Untracked 
|  87|0x0000000087d00000, 0x0000000087d00000, 0x0000000087e00000|  0%| F|  |TAMS 0x0000000087d00000, 0x0000000087d00000| Untracked 
|  88|0x0000000087e00000, 0x0000000087e00000, 0x0000000087f00000|  0%| F|  |TAMS 0x0000000087e00000, 0x0000000087e00000| Untracked 
|  89|0x0000000087f00000, 0x0000000087f00000, 0x0000000088000000|  0%| F|  |TAMS 0x0000000087f00000, 0x0000000087f00000| Untracked 
|  90|0x0000000088000000, 0x0000000088000000, 0x0000000088100000|  0%| F|  |TAMS 0x0000000088000000, 0x0000000088000000| Untracked 
|  91|0x0000000088100000, 0x0000000088100000, 0x0000000088200000|  0%| F|  |TAMS 0x0000000088100000, 0x0000000088100000| Untracked 
|  92|0x0000000088200000, 0x0000000088200000, 0x0000000088300000|  0%| F|  |TAMS 0x0000000088200000, 0x0000000088200000| Untracked 
|  93|0x0000000088300000, 0x0000000088300000, 0x0000000088400000|  0%| F|  |TAMS 0x0000000088300000, 0x0000000088300000| Untracked 
|  94|0x0000000088400000, 0x0000000088400000, 0x0000000088500000|  0%| F|  |TAMS 0x0000000088400000, 0x0000000088400000| Untracked 
|  95|0x0000000088500000, 0x0000000088500000, 0x0000000088600000|  0%| F|  |TAMS 0x0000000088500000, 0x0000000088500000| Untracked 
|  96|0x0000000088600000, 0x0000000088600000, 0x0000000088700000|  0%| F|  |TAMS 0x0000000088600000, 0x0000000088600000| Untracked 
|  97|0x0000000088700000, 0x0000000088700000, 0x0000000088800000|  0%| F|  |TAMS 0x0000000088700000, 0x0000000088700000| Untracked 
|  98|0x0000000088800000, 0x0000000088800000, 0x0000000088900000|  0%| F|  |TAMS 0x0000000088800000, 0x0000000088800000| Untracked 
|  99|0x0000000088900000, 0x0000000088900000, 0x0000000088a00000|  0%| F|  |TAMS 0x0000000088900000, 0x0000000088900000| Untracked 
| 100|0x0000000088a00000, 0x0000000088a00000, 0x0000000088b00000|  0%| F|  |TAMS 0x0000000088a00000, 0x0000000088a00000| Untracked 
| 101|0x0000000088b00000, 0x0000000088b00000, 0x0000000088c00000|  0%| F|  |TAMS 0x0000000088b00000, 0x0000000088b00000| Untracked 
| 102|0x0000000088c00000, 0x0000000088c00000, 0x0000000088d00000|  0%| F|  |TAMS 0x0000000088c00000, 0x0000000088c00000| Untracked 
| 103|0x0000000088d00000, 0x0000000088d00000, 0x0000000088e00000|  0%| F|  |TAMS 0x0000000088d00000, 0x0000000088d00000| Untracked 
| 104|0x0000000088e00000, 0x0000000088e00000, 0x0000000088f00000|  0%| F|  |TAMS 0x0000000088e00000, 0x0000000088e00000| Untracked 
| 105|0x0000000088f00000, 0x0000000088f00000, 0x0000000089000000|  0%| F|  |TAMS 0x0000000088f00000, 0x0000000088f00000| Untracked 
| 106|0x0000000089000000, 0x0000000089000000, 0x0000000089100000|  0%| F|  |TAMS 0x0000000089000000, 0x0000000089000000| Untracked 
| 107|0x0000000089100000, 0x0000000089100000, 0x0000000089200000|  0%| F|  |TAMS 0x0000000089100000, 0x0000000089100000| Untracked 
| 108|0x0000000089200000, 0x0000000089200000, 0x0000000089300000|  0%| F|  |TAMS 0x0000000089200000, 0x0000000089200000| Untracked 
| 109|0x0000000089300000, 0x0000000089300000, 0x0000000089400000|  0%| F|  |TAMS 0x0000000089300000, 0x0000000089300000| Untracked 
| 110|0x0000000089400000, 0x0000000089400000, 0x0000000089500000|  0%| F|  |TAMS 0x0000000089400000, 0x0000000089400000| Untracked 
| 111|0x0000000089500000, 0x0000000089500000, 0x0000000089600000|  0%| F|  |TAMS 0x0000000089500000, 0x0000000089500000| Untracked 
| 112|0x0000000089600000, 0x0000000089600000, 0x0000000089700000|  0%| F|  |TAMS 0x0000000089600000, 0x0000000089600000| Untracked 
| 113|0x0000000089700000, 0x0000000089700000, 0x0000000089800000|  0%| F|  |TAMS 0x0000000089700000, 0x0000000089700000| Untracked 
| 114|0x0000000089800000, 0x0000000089800000, 0x0000000089900000|  0%| F|  |TAMS 0x0000000089800000, 0x0000000089800000| Untracked 
| 115|0x0000000089900000, 0x000000008997a9d0, 0x0000000089a00000| 47%| E|  |TAMS 0x0000000089900000, 0x0000000089900000| Complete 
| 116|0x0000000089a00000, 0x0000000089b00000, 0x0000000089b00000|100%| E|CS|TAMS 0x0000000089a00000, 0x0000000089a00000| Complete 
| 117|0x0000000089b00000, 0x0000000089c00000, 0x0000000089c00000|100%| E|CS|TAMS 0x0000000089b00000, 0x0000000089b00000| Complete 
| 118|0x0000000089c00000, 0x0000000089d00000, 0x0000000089d00000|100%| E|CS|TAMS 0x0000000089c00000, 0x0000000089c00000| Complete 
| 119|0x0000000089d00000, 0x0000000089e00000, 0x0000000089e00000|100%| E|CS|TAMS 0x0000000089d00000, 0x0000000089d00000| Complete 
| 120|0x0000000089e00000, 0x0000000089f00000, 0x0000000089f00000|100%| E|CS|TAMS 0x0000000089e00000, 0x0000000089e00000| Complete 
| 121|0x0000000089f00000, 0x000000008a000000, 0x000000008a000000|100%| E|CS|TAMS 0x0000000089f00000, 0x0000000089f00000| Complete 
| 122|0x000000008a000000, 0x000000008a100000, 0x000000008a100000|100%| E|CS|TAMS 0x000000008a000000, 0x000000008a000000| Complete 
| 123|0x000000008a100000, 0x000000008a200000, 0x000000008a200000|100%| E|CS|TAMS 0x000000008a100000, 0x000000008a100000| Complete 
| 124|0x000000008a200000, 0x000000008a300000, 0x000000008a300000|100%| E|CS|TAMS 0x000000008a200000, 0x000000008a200000| Complete 
| 125|0x000000008a300000, 0x000000008a400000, 0x000000008a400000|100%| E|CS|TAMS 0x000000008a300000, 0x000000008a300000| Complete 

Card table byte_map: [0x0000018e5fd60000,0x0000018e60150000] _byte_map_base: 0x0000018e5f94d000

Marking Bits (Prev, Next): (CMBitMap*) 0x0000018e4cc61cf0, (CMBitMap*) 0x0000018e4cc61d30
 Prev Bits: [0x0000018e60540000, 0x0000018e624a8000)
 Next Bits: [0x0000018e624b0000, 0x0000018e64418000)

Polling page: 0x0000018e4ab10000

Metaspace:

Usage:
  Non-class:     14.58 MB capacity,    14.47 MB (>99%) used,   101.67 KB ( <1%) free+waste,    18.44 KB ( <1%) overhead. 
      Class:      1.69 MB capacity,     1.61 MB ( 95%) used,    73.02 KB (  4%) free+waste,     6.25 KB ( <1%) overhead. 
       Both:     16.27 MB capacity,    16.08 MB ( 99%) used,   174.70 KB (  1%) free+waste,    24.69 KB ( <1%) overhead. 

Virtual space:
  Non-class space:       16.00 MB reserved,      14.75 MB ( 92%) committed 
      Class space:        1.00 GB reserved,       1.75 MB ( <1%) committed 
             Both:        1.02 GB reserved,      16.50 MB (  2%) committed 

Chunk freelists:
   Non-Class:  41.00 KB
       Class:  0 bytes
        Both:  41.00 KB

MaxMetaspaceSize: 17179869184.00 GB
CompressedClassSpaceSize: 1.00 GB

CodeHeap 'non-profiled nmethods': size=120000Kb used=382Kb max_used=382Kb free=119617Kb
 bounds [0x0000018e58110000, 0x0000018e58380000, 0x0000018e5f640000]
CodeHeap 'profiled nmethods': size=120000Kb used=2352Kb max_used=2352Kb free=117648Kb
 bounds [0x0000018e50be0000, 0x0000018e50e50000, 0x0000018e58110000]
CodeHeap 'non-nmethods': size=5760Kb used=1303Kb max_used=1320Kb free=4456Kb
 bounds [0x0000018e50640000, 0x0000018e508b0000, 0x0000018e50be0000]
 total_blobs=2058 nmethods=1454 adapters=517
 compilation: enabled
              stopped_count=0, restarted_count=0
 full_count=0

Compilation events (20 events):
Event: 31.743 Thread 0x0000018e676f1390 nmethod 1446 0x0000018e50e26b90 code [0x0000018e50e26ec0, 0x0000018e50e28568]
Event: 32.253 Thread 0x0000018e676f1390 1447       3       sun.java2d.pipe.Region::getIntersection (37 bytes)
Event: 32.254 Thread 0x0000018e676f1390 nmethod 1447 0x0000018e50e28f10 code [0x0000018e50e29160, 0x0000018e50e29d38]
Event: 34.818 Thread 0x0000018e676e88d0 1448       4       java.util.IdentityHashMap$IdentityHashMapIterator::hasNext (50 bytes)
Event: 34.827 Thread 0x0000018e676e88d0 nmethod 1448 0x0000018e5816ea10 code [0x0000018e5816eba0, 0x0000018e5816edf8]
Event: 35.843 Thread 0x0000018e676f1390 1449       3       sun.awt.SunToolkit::getContainingWindow (24 bytes)
Event: 35.843 Thread 0x0000018e676f1390 nmethod 1449 0x0000018e50e2a010 code [0x0000018e50e2a1e0, 0x0000018e50e2a628]
Event: 36.855 Thread 0x0000018e676f1390 1450       3       java.util.PriorityQueue::peek (7 bytes)
Event: 36.856 Thread 0x0000018e676f1390 nmethod 1450 0x0000018e50e2a710 code [0x0000018e50e2a8a0, 0x0000018e50e2a9d8]
Event: 36.856 Thread 0x0000018e676f1390 1451       1       javax.swing.TimerQueue$DelayedTimer::getTimer (5 bytes)
Event: 36.856 Thread 0x0000018e676f1390 nmethod 1451 0x0000018e5816ef10 code [0x0000018e5816f0a0, 0x0000018e5816f158]
Event: 37.366 Thread 0x0000018e676f1390 1452       3       java.util.ArrayList::<init> (61 bytes)
Event: 37.366 Thread 0x0000018e676e88d0 1453       4       java.lang.StrictMath::floor (12 bytes)
Event: 37.368 Thread 0x0000018e676f1390 nmethod 1452 0x0000018e50e2aa90 code [0x0000018e50e2ace0, 0x0000018e50e2b638]
Event: 37.369 Thread 0x0000018e676e88d0 nmethod 1453 0x0000018e5816f210 code [0x0000018e5816f3c0, 0x0000018e5816f4b8]
Event: 38.739 Thread 0x0000018e676e88d0 1454       4       java.util.concurrent.locks.ReentrantLock$NonfairSync::initialTryLock (58 bytes)
Event: 38.744 Thread 0x0000018e676e88d0 nmethod 1454 0x0000018e5816f590 code [0x0000018e5816f700, 0x0000018e5816f8b8]
Event: 38.778 Thread 0x0000018e676f1390 1455   !   3       java.awt.KeyboardFocusManager::getGlobalFocusOwner (20 bytes)
Event: 38.779 Thread 0x0000018e676f1390 nmethod 1455 0x0000018e50e2b910 code [0x0000018e50e2bae0, 0x0000018e50e2be68]
Event: 262.093 Thread 0x0000018e676f1390 1456       3       java.lang.invoke.MethodHandles$Lookup::in (280 bytes)

GC Heap History (0 events):
No events

Deoptimization events (20 events):
Event: 4.527 Thread 0x0000018e6790a450 Uncommon trap: trap_request=0xffffffde fr.pc=0x0000018e58157db8 relative=0x0000000000000378
Event: 4.527 Thread 0x0000018e6790a450 Uncommon trap: reason=class_check action=maybe_recompile pc=0x0000018e58157db8 method=java.util.HashMap.getNode(Ljava/lang/Object;)Ljava/util/HashMap$Node; @ 128 c2
Event: 4.527 Thread 0x0000018e6790a450 DEOPT PACKING pc=0x0000018e58157db8 sp=0x00000004188fd600
Event: 4.527 Thread 0x0000018e6790a450 DEOPT UNPACKING pc=0x0000018e5068e42f sp=0x00000004188fd518 mode 2
Event: 5.874 Thread 0x0000018e6790a450 Uncommon trap: trap_request=0xffffffde fr.pc=0x0000018e58157db8 relative=0x0000000000000378
Event: 5.874 Thread 0x0000018e6790a450 Uncommon trap: reason=class_check action=maybe_recompile pc=0x0000018e58157db8 method=java.util.HashMap.getNode(Ljava/lang/Object;)Ljava/util/HashMap$Node; @ 128 c2
Event: 5.874 Thread 0x0000018e6790a450 DEOPT PACKING pc=0x0000018e58157db8 sp=0x00000004188fdf10
Event: 5.874 Thread 0x0000018e6790a450 DEOPT UNPACKING pc=0x0000018e5068e42f sp=0x00000004188fde28 mode 2
Event: 5.874 Thread 0x0000018e6790a450 Uncommon trap: trap_request=0xffffffde fr.pc=0x0000018e58157db8 relative=0x0000000000000378
Event: 5.874 Thread 0x0000018e6790a450 Uncommon trap: reason=class_check action=maybe_recompile pc=0x0000018e58157db8 method=java.util.HashMap.getNode(Ljava/lang/Object;)Ljava/util/HashMap$Node; @ 128 c2
Event: 5.874 Thread 0x0000018e6790a450 DEOPT PACKING pc=0x0000018e58157db8 sp=0x00000004188fddf0
Event: 5.874 Thread 0x0000018e6790a450 DEOPT UNPACKING pc=0x0000018e5068e42f sp=0x00000004188fdd08 mode 2
Event: 5.993 Thread 0x0000018e6790a450 Uncommon trap: trap_request=0xffffffde fr.pc=0x0000018e58157db8 relative=0x0000000000000378
Event: 5.993 Thread 0x0000018e6790a450 Uncommon trap: reason=class_check action=maybe_recompile pc=0x0000018e58157db8 method=java.util.HashMap.getNode(Ljava/lang/Object;)Ljava/util/HashMap$Node; @ 128 c2
Event: 5.993 Thread 0x0000018e6790a450 DEOPT PACKING pc=0x0000018e58157db8 sp=0x00000004188fdf10
Event: 5.993 Thread 0x0000018e6790a450 DEOPT UNPACKING pc=0x0000018e5068e42f sp=0x00000004188fde28 mode 2
Event: 5.993 Thread 0x0000018e6790a450 Uncommon trap: trap_request=0xffffffde fr.pc=0x0000018e5814d754 relative=0x00000000000004f4
Event: 5.993 Thread 0x0000018e6790a450 Uncommon trap: reason=class_check action=maybe_recompile pc=0x0000018e5814d754 method=java.util.HashMap.getNode(Ljava/lang/Object;)Ljava/util/HashMap$Node; @ 128 c2
Event: 5.993 Thread 0x0000018e6790a450 DEOPT PACKING pc=0x0000018e5814d754 sp=0x00000004188fdd80
Event: 5.993 Thread 0x0000018e6790a450 DEOPT UNPACKING pc=0x0000018e5068e42f sp=0x00000004188fdd08 mode 2

Classes unloaded (0 events):
No events

Classes redefined (0 events):
No events

Internal exceptions (12 events):
Event: 0.154 Thread 0x0000018e4cc22970 Exception <a 'java/lang/NoSuchMethodError'{0x000000008a229b70}: 'void java.lang.invoke.DirectMethodHandle$Holder.invokeSpecial(java.lang.Object, java.lang.Object, java.lang.Object)'> (0x000000008a229b70) 
thrown [./open/src/hotspot/share/interpreter/linkResolver.cpp, line 782]
Event: 0.180 Thread 0x0000018e4cc22970 Exception <a 'java/lang/ClassNotFoundException'{0x000000008a249b68}: sun/awt/resources/spi/awtProvider> (0x000000008a249b68) 
thrown [./open/src/hotspot/share/classfile/systemDictionary.cpp, line 295]
Event: 0.207 Thread 0x0000018e4cc22970 Exception <a 'java/io/FileNotFoundException'{0x000000008a2a5ee8}> (0x000000008a2a5ee8) 
thrown [./open/src/hotspot/share/prims/jni.cpp, line 578]
Event: 0.214 Thread 0x0000018e4cc22970 Exception <a 'java/io/FileNotFoundException'{0x000000008a2d47c8}> (0x000000008a2d47c8) 
thrown [./open/src/hotspot/share/prims/jni.cpp, line 578]
Event: 0.214 Thread 0x0000018e4cc22970 Exception <a 'java/lang/NoSuchMethodError'{0x000000008a2d5b00}: 'java.lang.Object java.lang.invoke.DirectMethodHandle$Holder.invokeStatic(java.lang.Object)'> (0x000000008a2d5b00) 
thrown [./open/src/hotspot/share/interpreter/linkResolver.cpp, line 782]
Event: 0.291 Thread 0x0000018e4cc22970 Exception <a 'java/lang/NoSuchMethodError'{0x000000008a1b5868}: 'java.lang.Object java.lang.invoke.DirectMethodHandle$Holder.invokeStaticInit(java.lang.Object)'> (0x000000008a1b5868) 
thrown [./open/src/hotspot/share/interpreter/linkResolver.cpp, line 782]
Event: 0.397 Thread 0x0000018e4cc22970 Exception <a 'java/lang/NoSuchMethodError'{0x000000008a03a248}: 'java.lang.Object java.lang.invoke.DirectMethodHandle$Holder.newInvokeSpecial(java.lang.Object, java.lang.Object, java.lang.Object, java.lang.Object, java.lang.Object)'> (0x000000008a03a248) 
thrown [./open/src/hotspot/share/interpreter/linkResolver.cpp, line 782]
Event: 0.398 Thread 0x0000018e4cc22970 Exception <a 'java/lang/NoSuchMethodError'{0x000000008a045cd8}: 'java.lang.Object java.lang.invoke.DirectMethodHandle$Holder.invokeStatic(java.lang.Object, int, java.lang.Object, java.lang.Object, java.lang.Object, java.lang.Object)'> (0x000000008a045cd8) 
thrown [./open/src/hotspot/share/interpreter/linkResolver.cpp, line 782]
Event: 0.402 Thread 0x0000018e4cc22970 Exception <a 'java/lang/NoSuchMethodError'{0x000000008a06bf50}: 'java.lang.Object java.lang.invoke.DirectMethodHandle$Holder.invokeStatic(java.lang.Object, int, java.lang.Object)'> (0x000000008a06bf50) 
thrown [./open/src/hotspot/share/interpreter/linkResolver.cpp, line 782]
Event: 0.418 Thread 0x0000018e4cc22970 Exception <a 'java/lang/ClassNotFoundException'{0x0000000089f24ff0}: com/sun/swing/internal/plaf/metal/resources/spi/metalProvider> (0x0000000089f24ff0) 
thrown [./open/src/hotspot/share/classfile/systemDictionary.cpp, line 295]
Event: 0.420 Thread 0x0000018e4cc22970 Exception <a 'java/lang/ClassNotFoundException'{0x0000000089f29350}: com/sun/swing/internal/plaf/basic/resources/spi/basicProvider> (0x0000000089f29350) 
thrown [./open/src/hotspot/share/classfile/systemDictionary.cpp, line 295]
Event: 0.490 Thread 0x0000018e4cc22970 Exception <a 'java/lang/NoSuchMethodError'{0x0000000089faa800}: 'void java.lang.invoke.DirectMethodHandle$Holder.invokeStaticInit(java.lang.Object)'> (0x0000000089faa800) 
thrown [./open/src/hotspot/share/interpreter/linkResolver.cpp, line 782]

Events (20 events):
Event: 6.004 loading class javax/swing/event/UndoableEditListener done
Event: 6.004 loading class javax/swing/RepaintManager$3
Event: 6.004 loading class javax/swing/RepaintManager$3 done
Event: 7.011 Executing VM operation: HandshakeAllThreads
Event: 7.011 Executing VM operation: HandshakeAllThreads done
Event: 7.331 loading class javax/swing/text/GapContent$RemoveUndo
Event: 7.331 loading class javax/swing/text/GapContent$RemoveUndo done
Event: 8.017 Executing VM operation: HandshakeAllThreads
Event: 8.017 Executing VM operation: HandshakeAllThreads done
Event: 11.839 loading class javax/swing/text/GapContent$UndoPosRef
Event: 11.839 loading class javax/swing/text/GapContent$UndoPosRef done
Event: 14.742 loading class java/awt/LightweightDispatcher$2
Event: 14.743 loading class java/awt/LightweightDispatcher$2 done
Event: 15.096 Executing VM operation: HandshakeAllThreads
Event: 15.096 Executing VM operation: HandshakeAllThreads done
Event: 17.397 Loaded shared library C:\Users\USER\.p2\pool\plugins\org.eclipse.justj.openjdk.hotspot.jre.full.win32.x86_64_15.0.2.v20210201-0955\jre\bin\java.dll
Event: 38.739 loading class java/awt/KeyboardFocusManager$2
Event: 38.739 loading class java/awt/KeyboardFocusManager$2 done
Event: 38.741 loading class sun/awt/SunToolkit$1
Event: 38.741 loading class sun/awt/SunToolkit$1 done


Dynamic libraries:
0x00007ff62e170000 - 0x00007ff62e17d000 	C:\Users\USER\.p2\pool\plugins\org.eclipse.justj.openjdk.hotspot.jre.full.win32.x86_64_15.0.2.v20210201-0955\jre\bin\javaw.exe
0x00007ffa7fbd0000 - 0x00007ffa7fdc5000 	C:\WINDOWS\SYSTEM32\ntdll.dll
0x00007ffa7f5a0000 - 0x00007ffa7f65d000 	C:\WINDOWS\System32\KERNEL32.DLL
0x00007ffa7d4c0000 - 0x00007ffa7d788000 	C:\WINDOWS\System32\KERNELBASE.dll
0x00007ffa7d790000 - 0x00007ffa7d890000 	C:\WINDOWS\System32\ucrtbase.dll
0x00007ffa65f60000 - 0x00007ffa65f78000 	C:\Users\USER\.p2\pool\plugins\org.eclipse.justj.openjdk.hotspot.jre.full.win32.x86_64_15.0.2.v20210201-0955\jre\bin\jli.dll
0x00007ffa5c390000 - 0x00007ffa5c3a9000 	C:\Users\USER\.p2\pool\plugins\org.eclipse.justj.openjdk.hotspot.jre.full.win32.x86_64_15.0.2.v20210201-0955\jre\bin\VCRUNTIME140.dll
0x00007ffa7ef60000 - 0x00007ffa7f100000 	C:\WINDOWS\System32\USER32.dll
0x00007ffa7d8c0000 - 0x00007ffa7d8e2000 	C:\WINDOWS\System32\win32u.dll
0x00007ffa65af0000 - 0x00007ffa65d8a000 	C:\WINDOWS\WinSxS\amd64_microsoft.windows.common-controls_6595b64144ccf1df_6.0.19041.844_none_ca00b6081b84eb1d\COMCTL32.dll
0x00007ffa7f800000 - 0x00007ffa7f82a000 	C:\WINDOWS\System32\GDI32.dll
0x00007ffa7ebc0000 - 0x00007ffa7ec5e000 	C:\WINDOWS\System32\msvcrt.dll
0x00007ffa7db20000 - 0x00007ffa7dc2b000 	C:\WINDOWS\System32\gdi32full.dll
0x00007ffa7d310000 - 0x00007ffa7d3ad000 	C:\WINDOWS\System32\msvcp_win.dll
0x00007ffa7ed90000 - 0x00007ffa7edc0000 	C:\WINDOWS\System32\IMM32.DLL
0x00007ffa75300000 - 0x00007ffa7530c000 	C:\Users\USER\.p2\pool\plugins\org.eclipse.justj.openjdk.hotspot.jre.full.win32.x86_64_15.0.2.v20210201-0955\jre\bin\vcruntime140_1.dll
0x00007ffa5c2f0000 - 0x00007ffa5c381000 	C:\Users\USER\.p2\pool\plugins\org.eclipse.justj.openjdk.hotspot.jre.full.win32.x86_64_15.0.2.v20210201-0955\jre\bin\msvcp140.dll
0x00007ffa02760000 - 0x00007ffa032be000 	C:\Users\USER\.p2\pool\plugins\org.eclipse.justj.openjdk.hotspot.jre.full.win32.x86_64_15.0.2.v20210201-0955\jre\bin\server\jvm.dll
0x00007ffa7f270000 - 0x00007ffa7f31c000 	C:\WINDOWS\System32\ADVAPI32.dll
0x00007ffa7f760000 - 0x00007ffa7f7fb000 	C:\WINDOWS\System32\sechost.dll
0x00007ffa7ec60000 - 0x00007ffa7ed8b000 	C:\WINDOWS\System32\RPCRT4.dll
0x00007ffa7f590000 - 0x00007ffa7f598000 	C:\WINDOWS\System32\PSAPI.DLL
0x00007ffa664f0000 - 0x00007ffa664f9000 	C:\WINDOWS\SYSTEM32\WSOCK32.dll
0x00007ffa789e0000 - 0x00007ffa789ea000 	C:\WINDOWS\SYSTEM32\VERSION.dll
0x00007ffa6da00000 - 0x00007ffa6da27000 	C:\WINDOWS\SYSTEM32\WINMM.dll
0x00007ffa7f6f0000 - 0x00007ffa7f75b000 	C:\WINDOWS\System32\WS2_32.dll
0x00007ffa7b220000 - 0x00007ffa7b232000 	C:\WINDOWS\SYSTEM32\kernel.appcore.dll
0x00007ffa78810000 - 0x00007ffa7881a000 	C:\Users\USER\.p2\pool\plugins\org.eclipse.justj.openjdk.hotspot.jre.full.win32.x86_64_15.0.2.v20210201-0955\jre\bin\jimage.dll
0x00007ffa761d0000 - 0x00007ffa763b4000 	C:\WINDOWS\SYSTEM32\DBGHELP.DLL
0x00007ffa76130000 - 0x00007ffa7615c000 	C:\WINDOWS\SYSTEM32\dbgcore.DLL
0x00007ffa7daa0000 - 0x00007ffa7db20000 	C:\WINDOWS\System32\bcryptPrimitives.dll
0x00007ffa6d410000 - 0x00007ffa6d435000 	C:\Users\USER\.p2\pool\plugins\org.eclipse.justj.openjdk.hotspot.jre.full.win32.x86_64_15.0.2.v20210201-0955\jre\bin\java.dll
0x00007ffa75640000 - 0x00007ffa75658000 	C:\Users\USER\.p2\pool\plugins\org.eclipse.justj.openjdk.hotspot.jre.full.win32.x86_64_15.0.2.v20210201-0955\jre\bin\zip.dll
0x00007ffa7e470000 - 0x00007ffa7ebb2000 	C:\WINDOWS\System32\SHELL32.dll
0x00007ffa7b420000 - 0x00007ffa7bbb0000 	C:\WINDOWS\SYSTEM32\windows.storage.dll
0x00007ffa7f830000 - 0x00007ffa7fb85000 	C:\WINDOWS\System32\combase.dll
0x00007ffa7cd80000 - 0x00007ffa7cdac000 	C:\WINDOWS\SYSTEM32\Wldp.dll
0x00007ffa7e2b0000 - 0x00007ffa7e35e000 	C:\WINDOWS\System32\SHCORE.dll
0x00007ffa7e360000 - 0x00007ffa7e3b5000 	C:\WINDOWS\System32\shlwapi.dll
0x00007ffa7d250000 - 0x00007ffa7d26f000 	C:\WINDOWS\SYSTEM32\profapi.dll
0x00007ffa57c30000 - 0x00007ffa57daf000 	C:\Users\USER\.p2\pool\plugins\org.eclipse.justj.openjdk.hotspot.jre.full.win32.x86_64_15.0.2.v20210201-0955\jre\bin\awt.dll
0x00007ffa7e1d0000 - 0x00007ffa7e29d000 	C:\WINDOWS\System32\OLEAUT32.dll
0x00007ffa7ab80000 - 0x00007ffa7ac10000 	C:\WINDOWS\SYSTEM32\apphelp.dll
0x00007ffa7b040000 - 0x00007ffa7b06f000 	C:\WINDOWS\system32\DWMAPI.DLL
0x00007ffa7ac80000 - 0x00007ffa7ad1e000 	C:\WINDOWS\system32\uxtheme.dll
0x00007ffa4d900000 - 0x00007ffa4da26000 	C:\WINDOWS\system32\opengl32.dll
0x00007ffa4e420000 - 0x00007ffa4e44c000 	C:\WINDOWS\SYSTEM32\GLU32.dll
0x00007ffa7edc0000 - 0x00007ffa7eed5000 	C:\WINDOWS\System32\MSCTF.dll
0x00007ffa33ae0000 - 0x00007ffa33c18000 	C:\ProgramData\A-Volute\A-Volute.Nahimic\Modules\Scheduled\x64\AudioDevProps2.dll
0x00007ffa7dc30000 - 0x00007ffa7dd5a000 	C:\WINDOWS\System32\ole32.dll
0x00007ffa5c0a0000 - 0x00007ffa5c125000 	C:\Users\USER\.p2\pool\plugins\org.eclipse.justj.openjdk.hotspot.jre.full.win32.x86_64_15.0.2.v20210201-0955\jre\bin\freetype.dll
0x00007ffa5b860000 - 0x00007ffa5b909000 	C:\Users\USER\.p2\pool\plugins\org.eclipse.justj.openjdk.hotspot.jre.full.win32.x86_64_15.0.2.v20210201-0955\jre\bin\fontmanager.dll
0x00007ffa750f0000 - 0x00007ffa75109000 	C:\Users\USER\.p2\pool\plugins\org.eclipse.justj.openjdk.hotspot.jre.full.win32.x86_64_15.0.2.v20210201-0955\jre\bin\net.dll
0x00007ffa77b70000 - 0x00007ffa77c7b000 	C:\WINDOWS\SYSTEM32\WINHTTP.dll
0x00007ffa7caa0000 - 0x00007ffa7cb0a000 	C:\WINDOWS\system32\mswsock.dll
0x00007ffa6f210000 - 0x00007ffa6f222000 	C:\Users\USER\.p2\pool\plugins\org.eclipse.justj.openjdk.hotspot.jre.full.win32.x86_64_15.0.2.v20210201-0955\jre\bin\nio.dll
0x00007ffa63840000 - 0x00007ffa63939000 	C:\WINDOWS\SYSTEM32\textinputframework.dll
0x00007ffa7a5f0000 - 0x00007ffa7a94e000 	C:\WINDOWS\System32\CoreUIComponents.dll
0x00007ffa7a950000 - 0x00007ffa7aa42000 	C:\WINDOWS\System32\CoreMessaging.dll
0x00007ffa7c010000 - 0x00007ffa7c043000 	C:\WINDOWS\SYSTEM32\ntmarta.dll
0x00007ffa79f20000 - 0x00007ffa7a074000 	C:\WINDOWS\SYSTEM32\wintypes.dll
0x00007ffa7e3c0000 - 0x00007ffa7e469000 	C:\WINDOWS\System32\clbcatq.dll
0x00007ffa75c10000 - 0x00007ffa75dc4000 	C:\WINDOWS\SYSTEM32\WindowsCodecs.dll
0x00007ffa7d890000 - 0x00007ffa7d8b7000 	C:\WINDOWS\System32\bcrypt.dll
0x00007ffa44080000 - 0x00007ffa440be000 	C:\WINDOWS\system32\dataexchange.dll
0x00007ffa79290000 - 0x00007ffa794f4000 	C:\WINDOWS\system32\d3d11.dll
0x00007ffa7a080000 - 0x00007ffa7a265000 	C:\WINDOWS\system32\dcomp.dll
0x00007ffa7bc10000 - 0x00007ffa7bd04000 	C:\WINDOWS\system32\dxgi.dll
0x00007ffa75df0000 - 0x00007ffa75ff1000 	C:\WINDOWS\system32\twinapi.appcore.dll

dbghelp: loaded successfully - version: 4.0.5 - missing functions: none
symbol engine: initialized successfully - sym options: 0x614 - pdb path: .;C:\Users\USER\.p2\pool\plugins\org.eclipse.justj.openjdk.hotspot.jre.full.win32.x86_64_15.0.2.v20210201-0955\jre\bin;C:\WINDOWS\SYSTEM32;C:\WINDOWS\WinSxS\amd64_microsoft.windows.common-controls_6595b64144ccf1df_6.0.19041.844_none_ca00b6081b84eb1d;C:\Users\USER\.p2\pool\plugins\org.eclipse.justj.openjdk.hotspot.jre.full.win32.x86_64_15.0.2.v20210201-0955\jre\bin\server;C:\ProgramData\A-Volute\A-Volute.Nahimic\Modules\Scheduled\x64

VM Arguments:
jvm_args: -Dfile.encoding=Cp1252 -XX:+ShowCodeDetailsInExceptionMessages 
java_command: hust.soict.globalict.aims.screen.StoreScreen
java_class_path (initial): C:\Users\USER\Desktop\20202\OOP\GitHub\Lab09\AimsProject\bin
Launcher Type: SUN_STANDARD

[Global flags]
     intx CICompilerCount                          = 4                                         {product} {ergonomic}
     uint ConcGCThreads                            = 2                                         {product} {ergonomic}
     uint G1ConcRefinementThreads                  = 8                                         {product} {ergonomic}
   size_t G1HeapRegionSize                         = 1048576                                   {product} {ergonomic}
    uintx GCDrainStackTargetSize                   = 64                                        {product} {ergonomic}
   size_t InitialHeapSize                          = 132120576                                 {product} {ergonomic}
   size_t MarkStackSize                            = 4194304                                   {product} {ergonomic}
   size_t MaxHeapSize                              = 2107637760                                {product} {ergonomic}
   size_t MaxNewSize                               = 1264582656                                {product} {ergonomic}
   size_t MinHeapDeltaBytes                        = 1048576                                   {product} {ergonomic}
   size_t MinHeapSize                              = 8388608                                   {product} {ergonomic}
    uintx NonNMethodCodeHeapSize                   = 5839372                                {pd product} {ergonomic}
    uintx NonProfiledCodeHeapSize                  = 122909434                              {pd product} {ergonomic}
    uintx ProfiledCodeHeapSize                     = 122909434                              {pd product} {ergonomic}
    uintx ReservedCodeCacheSize                    = 251658240                              {pd product} {ergonomic}
     bool SegmentedCodeCache                       = true                                      {product} {ergonomic}
     bool ShowCodeDetailsInExceptionMessages       = true                                   {manageable} {command line}
   size_t SoftMaxHeapSize                          = 2107637760                             {manageable} {ergonomic}
     bool UseCompressedClassPointers               = true                                 {lp64_product} {ergonomic}
     bool UseCompressedOops                        = true                                 {lp64_product} {ergonomic}
     bool UseG1GC                                  = true                                      {product} {ergonomic}
     bool UseLargePagesIndividualAllocation        = false                                  {pd product} {ergonomic}

Logging:
Log output configuration:
 #0: stdout all=warning uptime,level,tags
 #1: stderr all=off uptime,level,tags

Environment Variables:
PATH=C:/Users/USER/.p2/pool/plugins/org.eclipse.justj.openjdk.hotspot.jre.full.win32.x86_64_15.0.2.v20210201-0955/jre/bin/server;C:/Users/USER/.p2/pool/plugins/org.eclipse.justj.openjdk.hotspot.jre.full.win32.x86_64_15.0.2.v20210201-0955/jre/bin;C:\Program Files\Common Files\Oracle\Java\javapath;C:\Program Files (x86)\Common Files\Oracle\Java\javapath;C:\Windows\system32;C:\Windows;C:\Windows\System32\Wbem;C:\Windows\System32\WindowsPowerShell\v1.0\;C:\Windows\System32\OpenSSH\;C:\Program Files (x86)\NVIDIA Corporation\PhysX\Common;C:\Program Files\NVIDIA Corporation\NVIDIA NvDLISR;C:\Program Files\Intel\WiFi\bin\;C:\Program Files\Common Files\Intel\WirelessCommon\;C:\WINDOWS\system32;C:\WINDOWS;C:\WINDOWS\System32\Wbem;C:\WINDOWS\System32\WindowsPowerShell\v1.0\;C:\WINDOWS\System32\OpenSSH\;C:\Program Files\CMake\bin;C:\Program Files\Git\cmd;C:\Program Files\Git\bin;C:\MinGW\bin;C:\Program Files\Microsoft VS Code\bin;C:\Users\USER\Documents\Data Structure Advanced 20201;C:\Program Files\Java\jdk-15.0.2\bin;;C:\Program Files\Docker\Docker\resources\bin;C:\ProgramData\DockerDesktop\version-bin;C:\Users\USER\AppData\Local\Microsoft\WindowsApps;C:\Users\USER\AppData\Local\GitHubDesktop\bin;;C:\WINDOWS\system32;
USERNAME=USER
OS=Windows_NT
PROCESSOR_IDENTIFIER=Intel64 Family 6 Model 158 Stepping 10, GenuineIntel



---------------  S Y S T E M  ---------------

OS:
 Windows 10 , 64 bit Build 19041 (10.0.19041.928)
OS uptime: 1 days 22:24 hours
HyperV virtualization detected

CPU: total 8 (initial active 8) (4 cores per cpu, 2 threads per core) family 6 model 158 stepping 10 microcode 0xde, cmov, cx8, fxsr, mmx, sse, sse2, sse3, ssse3, sse4.1, sse4.2, popcnt, vzeroupper, avx, avx2, aes, clmul, erms, 3dnowpref, lzcnt, ht, tsc, tscinvbit, bmi1, bmi2, adx, fma, clflush, clflushopt

Memory: 4k page, system-wide physical 8039M (439M free)
TotalPageFile size 32615M (AvailPageFile size 0M)
current process WorkingSet (physical memory assigned to process): 80M, peak: 82M
current process commit charge ("private bytes"): 226M, peak: 229M

vm_info: OpenJDK 64-Bit Server VM (15.0.2+7-27) for windows-amd64 JRE (15.0.2+7-27), built on Dec  7 2020 20:02:38 by "mach5one" with unknown MS VC++:1925

END.
